Using pre-set license
Built from '2021.3/staging' branch; Version is '2021.3.2f1 (d6360bedb9a0) revision 14038539'; Using compiler version '192829333'; Build Type 'Release'
OS: 'Windows 10  (10.0.19042) 64bit Professional' Language: 'es' Physical Memory: 16225 MB
BatchMode: 1, IsHumanControllingUs: 0, StartBugReporterOnCrash: 0, Is64bit: 1, IsPro: 1

COMMAND LINE ARGUMENTS:
D:\2021.3.2f1\Editor\Unity.exe
-adb2
-batchMode
-noUpm
-name
AssetImportWorker3
-projectPath
C:/Users/juanc/ProjectM_3/Untime-Clash-Beta/ProjectM
-logFile
Logs/AssetImportWorker3.log
-srvPort
52348
Successfully changed project path to: C:/Users/juanc/ProjectM_3/Untime-Clash-Beta/ProjectM
C:/Users/juanc/ProjectM_3/Untime-Clash-Beta/ProjectM
[UnityMemory] Configuration Parameters - Can be set up in boot.config
    "memorysetup-bucket-allocator-granularity=16"
    "memorysetup-bucket-allocator-bucket-count=8"
    "memorysetup-bucket-allocator-block-size=33554432"
    "memorysetup-bucket-allocator-block-count=8"
    "memorysetup-main-allocator-block-size=16777216"
    "memorysetup-thread-allocator-block-size=16777216"
    "memorysetup-gfx-main-allocator-block-size=16777216"
    "memorysetup-gfx-thread-allocator-block-size=16777216"
    "memorysetup-cache-allocator-block-size=4194304"
    "memorysetup-typetree-allocator-block-size=2097152"
    "memorysetup-profiler-bucket-allocator-granularity=16"
    "memorysetup-profiler-bucket-allocator-bucket-count=8"
    "memorysetup-profiler-bucket-allocator-block-size=33554432"
    "memorysetup-profiler-bucket-allocator-block-count=8"
    "memorysetup-profiler-allocator-block-size=16777216"
    "memorysetup-profiler-editor-allocator-block-size=1048576"
    "memorysetup-temp-allocator-size-main=16777216"
    "memorysetup-job-temp-allocator-block-size=2097152"
    "memorysetup-job-temp-allocator-block-size-background=1048576"
    "memorysetup-job-temp-allocator-reduction-small-platforms=262144"
    "memorysetup-temp-allocator-size-background-worker=32768"
    "memorysetup-temp-allocator-size-job-worker=262144"
    "memorysetup-temp-allocator-size-preload-manager=33554432"
    "memorysetup-temp-allocator-size-nav-mesh-worker=65536"
    "memorysetup-temp-allocator-size-audio-worker=65536"
    "memorysetup-temp-allocator-size-cloud-worker=32768"
    "memorysetup-temp-allocator-size-gi-baking-worker=262144"
    "memorysetup-temp-allocator-size-gfx=262144"
Refreshing native plugins compatible for Editor in 184.13 ms, found 8 plugins.
Preloading 0 native plugins for Editor in 0.00 ms.
Initialize engine version: 2021.3.2f1 (d6360bedb9a0)
[Subsystems] Discovering subsystems at path D:/2021.3.2f1/Editor/Data/Resources/UnitySubsystems
[Subsystems] Discovering subsystems at path C:/Users/juanc/ProjectM_3/Untime-Clash-Beta/ProjectM/Assets
GfxDevice: creating device client; threaded=0; jobified=0
Direct3D:
    Version:  Direct3D 11.0 [level 11.1]
    Renderer: Radeon RX 5500 XT (ID=0x7340)
    Vendor:   ATI
    VRAM:     8151 MB
    Driver:   30.0.14029.5006
Initialize mono
Mono path[0] = 'D:/2021.3.2f1/Editor/Data/Managed'
Mono path[1] = 'D:/2021.3.2f1/Editor/Data/MonoBleedingEdge/lib/mono/unityjit-win32'
Mono config path = 'D:/2021.3.2f1/Editor/Data/MonoBleedingEdge/etc'
Using monoOptions --debugger-agent=transport=dt_socket,embedding=1,server=y,suspend=n,address=127.0.0.1:56572
Begin MonoManager ReloadAssembly
Registering precompiled unity dll's ...
Register platform support module: D:/2021.3.2f1/Editor/Data/PlaybackEngines/AndroidPlayer/UnityEditor.Android.Extensions.dll
Register platform support module: D:/2021.3.2f1/Editor/Data/PlaybackEngines/WindowsStandaloneSupport/UnityEditor.WindowsStandalone.Extensions.dll
Register platform support module: D:/2021.3.2f1/Editor/Data/PlaybackEngines/LinuxStandaloneSupport/UnityEditor.LinuxStandalone.Extensions.dll
Register platform support module: D:/2021.3.2f1/Editor/Data/PlaybackEngines/MetroSupport/UnityEditor.UWP.Extensions.dll
Registered in 0.007599 seconds.
Native extension for UWP target not found
Native extension for LinuxStandalone target not found
Native extension for WindowsStandalone target not found
Native extension for Android target not found
Refreshing native plugins compatible for Editor in 130.23 ms, found 8 plugins.
Preloading 0 native plugins for Editor in 0.00 ms.
Mono: successfully reloaded assembly
- Completed reload, in  0.889 seconds
Domain Reload Profiling:
	ReloadAssembly (889ms)
		BeginReloadAssembly (98ms)
			ExecutionOrderSort (0ms)
			DisableScriptedObjects (0ms)
			BackupInstance (0ms)
			ReleaseScriptingObjects (0ms)
			CreateAndSetChildDomain (1ms)
		EndReloadAssembly (649ms)
			LoadAssemblies (98ms)
			RebuildTransferFunctionScriptingTraits (0ms)
			SetupTypeCache (144ms)
			ReleaseScriptCaches (0ms)
			RebuildScriptCaches (35ms)
			SetupLoadedEditorAssemblies (390ms)
				LogAssemblyErrors (0ms)
				InitializePlatformSupportModulesInManaged (75ms)
				SetLoadedEditorAssemblies (0ms)
				RefreshPlugins (130ms)
				BeforeProcessingInitializeOnLoad (2ms)
				ProcessInitializeOnLoadAttributes (126ms)
				ProcessInitializeOnLoadMethodAttributes (57ms)
				AfterProcessingInitializeOnLoad (0ms)
				EditorAssembliesLoaded (0ms)
			ExecutionOrderSort2 (0ms)
			AwakeInstancesAfterBackupRestoration (0ms)
Platform modules already initialized, skipping
Registering precompiled user dll's ...
Registered in 0.043403 seconds.
Begin MonoManager ReloadAssembly
Native extension for UWP target not found
Native extension for LinuxStandalone target not found
Native extension for WindowsStandalone target not found
Native extension for Android target not found
Refreshing native plugins compatible for Editor in 135.43 ms, found 8 plugins.
Preloading 0 native plugins for Editor in 0.00 ms.
Package Manager log level set to [2]
Mono: successfully reloaded assembly
- Completed reload, in 10.857 seconds
Domain Reload Profiling:
	ReloadAssembly (10858ms)
		BeginReloadAssembly (247ms)
			ExecutionOrderSort (0ms)
			DisableScriptedObjects (8ms)
			BackupInstance (0ms)
			ReleaseScriptingObjects (0ms)
			CreateAndSetChildDomain (124ms)
		EndReloadAssembly (10465ms)
			LoadAssemblies (150ms)
			RebuildTransferFunctionScriptingTraits (0ms)
			SetupTypeCache (366ms)
			ReleaseScriptCaches (1ms)
			RebuildScriptCaches (116ms)
			SetupLoadedEditorAssemblies (9758ms)
				LogAssemblyErrors (0ms)
				InitializePlatformSupportModulesInManaged (29ms)
				SetLoadedEditorAssemblies (0ms)
				RefreshPlugins (136ms)
				BeforeProcessingInitializeOnLoad (158ms)
				ProcessInitializeOnLoadAttributes (9222ms)
				ProcessInitializeOnLoadMethodAttributes (209ms)
				AfterProcessingInitializeOnLoad (5ms)
				EditorAssembliesLoaded (0ms)
			ExecutionOrderSort2 (0ms)
			AwakeInstancesAfterBackupRestoration (7ms)
Platform modules already initialized, skipping
========================================================================
Worker process is ready to serve import requests
Launched and connected shader compiler UnityShaderCompiler.exe after 0.71 seconds
Refreshing native plugins compatible for Editor in 2.52 ms, found 8 plugins.
Preloading 0 native plugins for Editor in 0.00 ms.
Unloading 5120 Unused Serialized files (Serialized files now loaded: 0)
Unloading 180 unused Assets / (36.0 KB). Loaded Objects now: 5462.
Memory consumption went from 289.1 MB to 289.0 MB.
Total: 8.682100 ms (FindLiveObjects: 0.568500 ms CreateObjectMapping: 0.342900 ms MarkObjects: 7.689700 ms  DeleteObjects: 0.079900 ms)

AssetImportParameters requested are different than current active one (requested -> active):
  custom:video-decoder-ogg-theora: a1e56fd34408186e4bbccfd4996cb3dc -> 
  custom:container-muxer-webm: aa71ff27fc2769a1b78a27578f13a17b -> 
  custom:container-demuxer-webm: 4f35f7cbe854078d1ac9338744f61a02 -> 
  custom:video-encoder-webm-vp8: eb34c28f22e8b96e1ab97ce403110664 -> 
  custom:audio-encoder-webm-vorbis: bf7c407c2cedff20999df2af8eb42d56 -> 
  custom:framework-win-MediaFoundation: 216162199b28c13a410421893ffa2e32 -> 
  custom:container-demuxer-ogg: 62fdf1f143b41e24485cea50d1cbac27 -> 
  custom:video-decoder-webm-vp8: 9c59270c3fd7afecdb556c50c9e8de78 -> 
  custom:audio-decoder-ogg-vorbis: bf7c407c2cedff20999df2af8eb42d56 -> 
========================================================================
Received Import Request.
  Time since last request: 21216.345620 seconds.
  path: Assets/Scenes/Escenario de testing.unity
  artifactKey: Guid(83450edb7194ada41af83cb50c6f11e3) Importer(815301076,1909f56bfc062723c751e8b465ee728b)
Start importing Assets/Scenes/Escenario de testing.unity using Guid(83450edb7194ada41af83cb50c6f11e3) Importer(815301076,1909f56bfc062723c751e8b465ee728b)  -> (artifact id: '04e36ae44b6152e9c8ca0e2ca6774de7') in 0.463516 seconds 
========================================================================
Received Prepare
Refreshing native plugins compatible for Editor in 58.71 ms, found 8 plugins.
Preloading 0 native plugins for Editor in 0.00 ms.
Unloading 128 Unused Serialized files (Serialized files now loaded: 0)
Unloading 128 unused Assets / (25.5 KB). Loaded Objects now: 5462.
Memory consumption went from 179.8 MB to 179.8 MB.
Total: 12.762200 ms (FindLiveObjects: 0.824700 ms CreateObjectMapping: 0.470500 ms MarkObjects: 11.395400 ms  DeleteObjects: 0.070400 ms)

AssetImportParameters requested are different than current active one (requested -> active):
  custom:video-decoder-ogg-theora: a1e56fd34408186e4bbccfd4996cb3dc -> 
  custom:container-muxer-webm: aa71ff27fc2769a1b78a27578f13a17b -> 
  custom:container-demuxer-webm: 4f35f7cbe854078d1ac9338744f61a02 -> 
  custom:video-encoder-webm-vp8: eb34c28f22e8b96e1ab97ce403110664 -> 
  custom:audio-encoder-webm-vorbis: bf7c407c2cedff20999df2af8eb42d56 -> 
  custom:framework-win-MediaFoundation: 216162199b28c13a410421893ffa2e32 -> 
  custom:container-demuxer-ogg: 62fdf1f143b41e24485cea50d1cbac27 -> 
  custom:video-decoder-webm-vp8: 9c59270c3fd7afecdb556c50c9e8de78 -> 
  custom:audio-decoder-ogg-vorbis: bf7c407c2cedff20999df2af8eb42d56 -> 
========================================================================
Received Prepare
Registering precompiled user dll's ...
Registered in 0.045111 seconds.
Begin MonoManager ReloadAssembly
Native extension for UWP target not found
Native extension for LinuxStandalone target not found
Native extension for WindowsStandalone target not found
Native extension for Android target not found
Refreshing native plugins compatible for Editor in 2.55 ms, found 8 plugins.
Preloading 0 native plugins for Editor in 0.00 ms.
Unable to write to 'ProjectSettings\GvhProjectSettings.xml' (System.IO.IOException: Sharing violation on path C:\Users\juanc\ProjectM_3\Untime-Clash-Beta\ProjectM\ProjectSettings\GvhProjectSettings.xml
  at System.IO.FileStream..ctor (System.String path, System.IO.FileMode mode, System.IO.FileAccess access, System.IO.FileShare share, System.Int32 bufferSize, System.Boolean anonymous, System.IO.FileOptions options) [0x0019e] in <6073cf49ed704e958b8a66d540dea948>:0 
  at System.IO.FileStream..ctor (System.String path, System.IO.FileMode mode, System.IO.FileAccess access, System.IO.FileShare share, System.Int32 bufferSize, System.IO.FileOptions options) [0x00000] in <6073cf49ed704e958b8a66d540dea948>:0 
  at System.IO.FileStream..ctor (System.String path, System.IO.FileMode mode, System.IO.FileAccess access, System.IO.FileShare share, System.Int32 bufferSize, System.Boolean useAsync) [0x00000] in <6073cf49ed704e958b8a66d540dea948>:0 
  at (wrapper remoting-invoke-with-check) System.IO.FileStream..ctor(string,System.IO.FileMode,System.IO.FileAccess,System.IO.FileShare,int,bool)
  at System.Xml.XmlWriterSettings.CreateWriter (System.String outputFileName) [0x00051] in <938a03e8c5f34c788591fc3c21d5b34b>:0 
  at System.Xml.XmlWriter.Create (System.String outputFileName, System.Xml.XmlWriterSettings settings) [0x0000a] in <938a03e8c5f34c788591fc3c21d5b34b>:0 
  at Google.ProjectSettings.Save () [0x0009c] in <3436f8c260f84eac9340d40363cda678>:0 , Project settings were not saved!
UnityEngine.StackTraceUtility:ExtractStackTrace ()
UnityEngine.DebugLogHandler:LogFormat (UnityEngine.LogType,UnityEngine.Object,string,object[])
UnityEngine.Logger:Log (UnityEngine.LogType,object)
UnityEngine.Debug:LogError (object)
Google.Logger:Log (string,Google.LogLevel)
Google.ProjectSettings:Save ()
Google.ProjectSettings:SetBool (string,bool,Google.SettingsLocation)
Google.ProjectSettings:SetBool (string,bool)
Google.IOSResolver:set_VerboseLoggingEnabled (bool)
Google.IOSResolver:.cctor ()
System.Runtime.CompilerServices.RuntimeHelpers:RunClassConstructor (System.RuntimeTypeHandle)
UnityEditor.EditorAssemblies:ProcessInitializeOnLoadAttributes (System.Type[])

Mono: successfully reloaded assembly
- Completed reload, in  7.238 seconds
Domain Reload Profiling:
	ReloadAssembly (7239ms)
		BeginReloadAssembly (287ms)
			ExecutionOrderSort (0ms)
			DisableScriptedObjects (15ms)
			BackupInstance (0ms)
			ReleaseScriptingObjects (0ms)
			CreateAndSetChildDomain (117ms)
		EndReloadAssembly (6804ms)
			LoadAssemblies (172ms)
			RebuildTransferFunctionScriptingTraits (0ms)
			SetupTypeCache (383ms)
			ReleaseScriptCaches (3ms)
			RebuildScriptCaches (89ms)
			SetupLoadedEditorAssemblies (5739ms)
				LogAssemblyErrors (0ms)
				InitializePlatformSupportModulesInManaged (31ms)
				SetLoadedEditorAssemblies (1ms)
				RefreshPlugins (3ms)
				BeforeProcessingInitializeOnLoad (140ms)
				ProcessInitializeOnLoadAttributes (5343ms)
				ProcessInitializeOnLoadMethodAttributes (216ms)
				AfterProcessingInitializeOnLoad (5ms)
				EditorAssembliesLoaded (0ms)
			ExecutionOrderSort2 (0ms)
			AwakeInstancesAfterBackupRestoration (11ms)
Platform modules already initialized, skipping
Refreshing native plugins compatible for Editor in 25.57 ms, found 8 plugins.
Preloading 0 native plugins for Editor in 0.00 ms.
Unloading 4966 Unused Serialized files (Serialized files now loaded: 0)
Unloading 128 unused Assets / (28.3 KB). Loaded Objects now: 5474.
Memory consumption went from 283.2 MB to 283.2 MB.
Total: 10.986300 ms (FindLiveObjects: 0.585200 ms CreateObjectMapping: 0.309900 ms MarkObjects: 10.024900 ms  DeleteObjects: 0.064900 ms)

AssetImportParameters requested are different than current active one (requested -> active):
  custom:video-decoder-ogg-theora: a1e56fd34408186e4bbccfd4996cb3dc -> 
  custom:container-muxer-webm: aa71ff27fc2769a1b78a27578f13a17b -> 
  custom:container-demuxer-webm: 4f35f7cbe854078d1ac9338744f61a02 -> 
  custom:video-encoder-webm-vp8: eb34c28f22e8b96e1ab97ce403110664 -> 
  custom:audio-encoder-webm-vorbis: bf7c407c2cedff20999df2af8eb42d56 -> 
  custom:framework-win-MediaFoundation: 216162199b28c13a410421893ffa2e32 -> 
  custom:container-demuxer-ogg: 62fdf1f143b41e24485cea50d1cbac27 -> 
  custom:video-decoder-webm-vp8: 9c59270c3fd7afecdb556c50c9e8de78 -> 
  custom:audio-decoder-ogg-vorbis: bf7c407c2cedff20999df2af8eb42d56 -> 
========================================================================
Received Import Request.
  Time since last request: 14493.523792 seconds.
  path: Assets/Sprite/Map1/cabana_lambert1_Albedo.png
  artifactKey: Guid(d82212cc6617de24f96a093bc446de6e) Importer(815301076,1909f56bfc062723c751e8b465ee728b)
Start importing Assets/Sprite/Map1/cabana_lambert1_Albedo.png using Guid(d82212cc6617de24f96a093bc446de6e) Importer(815301076,1909f56bfc062723c751e8b465ee728b)  -> (artifact id: '022c1f002bb367b586909b0def3ef8b5') in 0.938783 seconds 
========================================================================
Received Import Request.
  Time since last request: 0.000030 seconds.
  path: Assets/Sprite/Map1/lava.png
  artifactKey: Guid(23d4ee23130d9ab488041db27c720a1d) Importer(815301076,1909f56bfc062723c751e8b465ee728b)
Start importing Assets/Sprite/Map1/lava.png using Guid(23d4ee23130d9ab488041db27c720a1d) Importer(815301076,1909f56bfc062723c751e8b465ee728b)  -> (artifact id: 'd6fed02d0fe8e04574e80395cd62fdd1') in 0.207927 seconds 
========================================================================
Received Import Request.
  Time since last request: 0.000033 seconds.
  path: Assets/Sprite/Map1/choza_ao.png
  artifactKey: Guid(5628d747da359ce4a8f6fe1897aae8cd) Importer(815301076,1909f56bfc062723c751e8b465ee728b)
Start importing Assets/Sprite/Map1/choza_ao.png using Guid(5628d747da359ce4a8f6fe1897aae8cd) Importer(815301076,1909f56bfc062723c751e8b465ee728b)  -> (artifact id: 'cb4b5cba928a7fcd1a950d9e2f34ca99') in 0.262798 seconds 
========================================================================
Received Import Request.
  Time since last request: 0.000025 seconds.
  path: Assets/Sprite/Map1/cabana_lambert1_Ao.png
  artifactKey: Guid(f8062c96bd4e03a4d969b22c9fbc7246) Importer(815301076,1909f56bfc062723c751e8b465ee728b)
Start importing Assets/Sprite/Map1/cabana_lambert1_Ao.png using Guid(f8062c96bd4e03a4d969b22c9fbc7246) Importer(815301076,1909f56bfc062723c751e8b465ee728b)  -> (artifact id: '4daae94f5dd6abec36588dec0cdc56d8') in 0.156756 seconds 
========================================================================
Received Import Request.
  Time since last request: 0.000029 seconds.
  path: Assets/Sprite/Map1/choza_albedo.png
  artifactKey: Guid(5a4218012e054f749b86854f52b5ad0e) Importer(815301076,1909f56bfc062723c751e8b465ee728b)
Start importing Assets/Sprite/Map1/choza_albedo.png using Guid(5a4218012e054f749b86854f52b5ad0e) Importer(815301076,1909f56bfc062723c751e8b465ee728b)  -> (artifact id: 'b378fd7cbf9666fbdacf636a4e87bd1a') in 0.302775 seconds 
========================================================================
Received Import Request.
  Time since last request: 0.000023 seconds.
  path: Assets/Sprite/Map1/cabana_lambert1_High.png
  artifactKey: Guid(e676b4f3828b07941a36ff09b5b37470) Importer(815301076,1909f56bfc062723c751e8b465ee728b)
Start importing Assets/Sprite/Map1/cabana_lambert1_High.png using Guid(e676b4f3828b07941a36ff09b5b37470) Importer(815301076,1909f56bfc062723c751e8b465ee728b)  -> (artifact id: 'a4b468c441a0c99982e4f69091485027') in 1.897962 seconds 
========================================================================
Received Import Request.
  Time since last request: 0.000028 seconds.
  path: Assets/Sprite/Map1/piedra_1.png
  artifactKey: Guid(4a8d51e1da7492549bb484b9875dc9ba) Importer(815301076,1909f56bfc062723c751e8b465ee728b)
Start importing Assets/Sprite/Map1/piedra_1.png using Guid(4a8d51e1da7492549bb484b9875dc9ba) Importer(815301076,1909f56bfc062723c751e8b465ee728b)  -> (artifact id: '90b6bfbae51485ee1469e02f6774249c') in 0.583453 seconds 
========================================================================
Received Import Request.
  Time since last request: 9.068248 seconds.
  path: Assets/Sprite/UI/Login/Old/Background.png
  artifactKey: Guid(3950cdd1f9150c84f9237cfe268d3108) Importer(815301076,1909f56bfc062723c751e8b465ee728b)
Start importing Assets/Sprite/UI/Login/Old/Background.png using Guid(3950cdd1f9150c84f9237cfe268d3108) Importer(815301076,1909f56bfc062723c751e8b465ee728b)  -> (artifact id: 'c610017d00e9b31e1841beda52160f02') in 1.758628 seconds 
========================================================================
Received Import Request.
  Time since last request: 0.000026 seconds.
  path: Assets/Sprite/UI/Login/Old/Dont-Have-Account.png
  artifactKey: Guid(7ba3a7cc3d546fc438b4eb0ebbc2c33b) Importer(815301076,1909f56bfc062723c751e8b465ee728b)
Start importing Assets/Sprite/UI/Login/Old/Dont-Have-Account.png using Guid(7ba3a7cc3d546fc438b4eb0ebbc2c33b) Importer(815301076,1909f56bfc062723c751e8b465ee728b)  -> (artifact id: 'aacb2a3041350b8373e7d9d19310038e') in 0.618599 seconds 
========================================================================
Received Import Request.
  Time since last request: 0.000033 seconds.
  path: Assets/Sprite/UI/Login/Old/Campo-Username.png
  artifactKey: Guid(04b41a13464ff95488f2694dcfef702e) Importer(815301076,1909f56bfc062723c751e8b465ee728b)
Start importing Assets/Sprite/UI/Login/Old/Campo-Username.png using Guid(04b41a13464ff95488f2694dcfef702e) Importer(815301076,1909f56bfc062723c751e8b465ee728b)  -> (artifact id: 'b659297f89d7c4258451f6f52920d576') in 0.212785 seconds 
========================================================================
Received Import Request.
  Time since last request: 267.617439 seconds.
  path: Assets/Sprite/UI/LoadingGame/BarProgressFilled.png
  artifactKey: Guid(99795301aa09d224ea8dff51b1a8cf9e) Importer(815301076,1909f56bfc062723c751e8b465ee728b)
Start importing Assets/Sprite/UI/LoadingGame/BarProgressFilled.png using Guid(99795301aa09d224ea8dff51b1a8cf9e) Importer(815301076,1909f56bfc062723c751e8b465ee728b)  -> (artifact id: '494d8af8fb8ac06462ee69aebff19b4c') in 1.552163 seconds 
========================================================================
Received Import Request.
  Time since last request: 0.000028 seconds.
  path: Assets/Sprite/UI/LoadingGame/Tips.png
  artifactKey: Guid(d85f1cc4849d5f6448c3f727434ce2ba) Importer(815301076,1909f56bfc062723c751e8b465ee728b)
Start importing Assets/Sprite/UI/LoadingGame/Tips.png using Guid(d85f1cc4849d5f6448c3f727434ce2ba) Importer(815301076,1909f56bfc062723c751e8b465ee728b)  -> (artifact id: '6c4d0507582e492a142afc11e12ef5d3') in 0.698207 seconds 
========================================================================
Received Import Request.
  Time since last request: 0.000030 seconds.
  path: Assets/Sprite/UI/LoadingGame/Social-icon.png
  artifactKey: Guid(3e2d18b3d55c30b41aaee763b6af1411) Importer(815301076,1909f56bfc062723c751e8b465ee728b)
Start importing Assets/Sprite/UI/LoadingGame/Social-icon.png using Guid(3e2d18b3d55c30b41aaee763b6af1411) Importer(815301076,1909f56bfc062723c751e8b465ee728b)  -> (artifact id: 'ab9bbe43413c995d2983ba2f66711652') in 0.106619 seconds 
========================================================================
Received Import Request.
  Time since last request: 56.921499 seconds.
  path: Assets/Sprite/UI/InGame/Card-Limit.png
  artifactKey: Guid(11cbcd02b93975b4ba3d3c03b404c557) Importer(815301076,1909f56bfc062723c751e8b465ee728b)
Start importing Assets/Sprite/UI/InGame/Card-Limit.png using Guid(11cbcd02b93975b4ba3d3c03b404c557) Importer(815301076,1909f56bfc062723c751e8b465ee728b)  -> (artifact id: '0d0df611e9b13d48d2bb287392acb210') in 0.081220 seconds 
========================================================================
Received Import Request.
  Time since last request: 0.000026 seconds.
  path: Assets/Sprite/UI/InGame/Initial-Time-2.30.png
  artifactKey: Guid(a2acf48e08dd7924b8a69be08172d5a6) Importer(815301076,1909f56bfc062723c751e8b465ee728b)
Start importing Assets/Sprite/UI/InGame/Initial-Time-2.30.png using Guid(a2acf48e08dd7924b8a69be08172d5a6) Importer(815301076,1909f56bfc062723c751e8b465ee728b)  -> (artifact id: '7ae6da3b7cfb31a8c6dc7d665aa0146d') in 0.550799 seconds 
========================================================================
Received Import Request.
  Time since last request: 44.449478 seconds.
  path: Assets/Sprite/UI/In Game UI/Character level icon.png
  artifactKey: Guid(934291095d471414496ad26d6e4218c6) Importer(815301076,1909f56bfc062723c751e8b465ee728b)
Start importing Assets/Sprite/UI/In Game UI/Character level icon.png using Guid(934291095d471414496ad26d6e4218c6) Importer(815301076,1909f56bfc062723c751e8b465ee728b)  -> (artifact id: 'e9ade2806e6848b5cb26ed6fc2ba31a0') in 0.022428 seconds 
========================================================================
Received Import Request.
  Time since last request: 0.000033 seconds.
  path: Assets/Sprite/UI/In Game UI/Down-Back 1.png
  artifactKey: Guid(67d2dc7ca5896fe4185cd8862146cbb7) Importer(815301076,1909f56bfc062723c751e8b465ee728b)
Start importing Assets/Sprite/UI/In Game UI/Down-Back 1.png using Guid(67d2dc7ca5896fe4185cd8862146cbb7) Importer(815301076,1909f56bfc062723c751e8b465ee728b)  -> (artifact id: '968d082bc8fa237b0c169b138c4f49a3') in 1.568058 seconds 
========================================================================
Received Import Request.
  Time since last request: 0.000032 seconds.
  path: Assets/Sprite/UI/In Game UI/Down-Back.png
  artifactKey: Guid(618234bf242b5a443a2fb6ca75fe588d) Importer(815301076,1909f56bfc062723c751e8b465ee728b)
Start importing Assets/Sprite/UI/In Game UI/Down-Back.png using Guid(618234bf242b5a443a2fb6ca75fe588d) Importer(815301076,1909f56bfc062723c751e8b465ee728b)  -> (artifact id: '5effd367a6168a5d01b50f8ab4bde183') in 0.340878 seconds 
========================================================================
Received Import Request.
  Time since last request: 24.569917 seconds.
  path: Assets/Sprite/UI/GUI/Timer-Back.png
  artifactKey: Guid(38c648935a9468e43a4cacc6d1244fd6) Importer(815301076,1909f56bfc062723c751e8b465ee728b)
Start importing Assets/Sprite/UI/GUI/Timer-Back.png using Guid(38c648935a9468e43a4cacc6d1244fd6) Importer(815301076,1909f56bfc062723c751e8b465ee728b)  -> (artifact id: '3a63c8308a4e8c2411f7c956b4c84d7f') in 1.124778 seconds 
========================================================================
Received Import Request.
  Time since last request: 26.315982 seconds.
  path: Assets/Sprite/UI/Ui animations sprite/UI particles_00007.png
  artifactKey: Guid(09b4a42a2be1be54588aed6cd054dbdb) Importer(815301076,1909f56bfc062723c751e8b465ee728b)
Start importing Assets/Sprite/UI/Ui animations sprite/UI particles_00007.png using Guid(09b4a42a2be1be54588aed6cd054dbdb) Importer(815301076,1909f56bfc062723c751e8b465ee728b)  -> (artifact id: 'b56290f3ef56a020ac5adc10c8e403dc') in 0.737642 seconds 
========================================================================
Received Import Request.
  Time since last request: 0.000030 seconds.
  path: Assets/Sprite/UI/Ui animations sprite/UI particles_00020.png
  artifactKey: Guid(cef4cd3659b138c4ea2fffe41c0bb305) Importer(815301076,1909f56bfc062723c751e8b465ee728b)
Start importing Assets/Sprite/UI/Ui animations sprite/UI particles_00020.png using Guid(cef4cd3659b138c4ea2fffe41c0bb305) Importer(815301076,1909f56bfc062723c751e8b465ee728b)  -> (artifact id: '5eba0238f0c9cb1b8e4a5c540c3e443e') in 0.767170 seconds 
========================================================================
Received Import Request.
  Time since last request: 0.000027 seconds.
  path: Assets/Sprite/UI/Ui animations sprite/UI particles_00014.png
  artifactKey: Guid(7daac6d59991f0f49beb92cc9f64f71b) Importer(815301076,1909f56bfc062723c751e8b465ee728b)
Start importing Assets/Sprite/UI/Ui animations sprite/UI particles_00014.png using Guid(7daac6d59991f0f49beb92cc9f64f71b) Importer(815301076,1909f56bfc062723c751e8b465ee728b)  -> (artifact id: '581e5dafe937fb5bfee3aa5b8107f561') in 0.422578 seconds 
========================================================================
Received Import Request.
  Time since last request: 0.000027 seconds.
  path: Assets/Sprite/UI/Win or Lose Screen/Red-Star-2.png
  artifactKey: Guid(70c2e53012207134596442a54d194d00) Importer(815301076,1909f56bfc062723c751e8b465ee728b)
Start importing Assets/Sprite/UI/Win or Lose Screen/Red-Star-2.png using Guid(70c2e53012207134596442a54d194d00) Importer(815301076,1909f56bfc062723c751e8b465ee728b)  -> (artifact id: '711279c4d5cb0ecba0d2ede11a927b69') in 0.299905 seconds 
========================================================================
Received Import Request.
  Time since last request: 0.000029 seconds.
  path: Assets/Sprite/UI/Win or Lose Screen/Versus.png
  artifactKey: Guid(7be33c02c873f3f4aad5a7fbbc023cd5) Importer(815301076,1909f56bfc062723c751e8b465ee728b)
Start importing Assets/Sprite/UI/Win or Lose Screen/Versus.png using Guid(7be33c02c873f3f4aad5a7fbbc023cd5) Importer(815301076,1909f56bfc062723c751e8b465ee728b)  -> (artifact id: '4ba9e4de4e7b2f65ee06415a75892e30') in 0.448801 seconds 
========================================================================
Received Import Request.
  Time since last request: 0.000025 seconds.
  path: Assets/Sprite/UI/Win or Lose Screen/Xp-icon.png
  artifactKey: Guid(4ace2e5e0e51784429326bdbfbcc0ae4) Importer(815301076,1909f56bfc062723c751e8b465ee728b)
Start importing Assets/Sprite/UI/Win or Lose Screen/Xp-icon.png using Guid(4ace2e5e0e51784429326bdbfbcc0ae4) Importer(815301076,1909f56bfc062723c751e8b465ee728b)  -> (artifact id: 'b867e5389abebc2b7d2daa21f1cff7ef') in 0.084310 seconds 
========================================================================
Received Prepare
Registering precompiled user dll's ...
Registered in 0.043632 seconds.
Begin MonoManager ReloadAssembly
Native extension for UWP target not found
Native extension for LinuxStandalone target not found
Native extension for WindowsStandalone target not found
Native extension for Android target not found
Refreshing native plugins compatible for Editor in 1.97 ms, found 8 plugins.
Preloading 0 native plugins for Editor in 0.00 ms.
Mono: successfully reloaded assembly
- Completed reload, in  2.030 seconds
Domain Reload Profiling:
	ReloadAssembly (2032ms)
		BeginReloadAssembly (266ms)
			ExecutionOrderSort (0ms)
			DisableScriptedObjects (16ms)
			BackupInstance (0ms)
			ReleaseScriptingObjects (0ms)
			CreateAndSetChildDomain (114ms)
		EndReloadAssembly (1616ms)
			LoadAssemblies (153ms)
			RebuildTransferFunctionScriptingTraits (0ms)
			SetupTypeCache (379ms)
			ReleaseScriptCaches (2ms)
			RebuildScriptCaches (89ms)
			SetupLoadedEditorAssemblies (915ms)
				LogAssemblyErrors (0ms)
				InitializePlatformSupportModulesInManaged (32ms)
				SetLoadedEditorAssemblies (1ms)
				RefreshPlugins (2ms)
				BeforeProcessingInitializeOnLoad (140ms)
				ProcessInitializeOnLoadAttributes (523ms)
				ProcessInitializeOnLoadMethodAttributes (212ms)
				AfterProcessingInitializeOnLoad (5ms)
				EditorAssembliesLoaded (0ms)
			ExecutionOrderSort2 (0ms)
			AwakeInstancesAfterBackupRestoration (11ms)
Platform modules already initialized, skipping
Refreshing native plugins compatible for Editor in 21.82 ms, found 8 plugins.
Preloading 0 native plugins for Editor in 0.00 ms.
Unloading 4965 Unused Serialized files (Serialized files now loaded: 0)
Unloading 129 unused Assets / (28.3 KB). Loaded Objects now: 5523.
Memory consumption went from 287.3 MB to 287.2 MB.
Total: 10.346900 ms (FindLiveObjects: 0.477000 ms CreateObjectMapping: 0.261800 ms MarkObjects: 9.538700 ms  DeleteObjects: 0.068200 ms)

AssetImportParameters requested are different than current active one (requested -> active):
  custom:video-decoder-ogg-theora: a1e56fd34408186e4bbccfd4996cb3dc -> 
  custom:container-muxer-webm: aa71ff27fc2769a1b78a27578f13a17b -> 
  custom:container-demuxer-webm: 4f35f7cbe854078d1ac9338744f61a02 -> 
  custom:video-encoder-webm-vp8: eb34c28f22e8b96e1ab97ce403110664 -> 
  custom:audio-encoder-webm-vorbis: bf7c407c2cedff20999df2af8eb42d56 -> 
  custom:framework-win-MediaFoundation: 216162199b28c13a410421893ffa2e32 -> 
  custom:container-demuxer-ogg: 62fdf1f143b41e24485cea50d1cbac27 -> 
  custom:video-decoder-webm-vp8: 9c59270c3fd7afecdb556c50c9e8de78 -> 
  custom:audio-decoder-ogg-vorbis: bf7c407c2cedff20999df2af8eb42d56 -> 
Editor requested this worker to shutdown with reason: Scaling down because of idle timeout
AssetImportWorker is now disconnected from the server
Process exiting
Exiting without the bug reporter. Application will terminate with return code 0