Using pre-set license
Built from '2020.3/staging' branch; Version is '2020.3.18f1 (a7d1c678663c) revision 10998214'; Using compiler version '192528614'; Build Type 'Release'
OS: 'Windows 10 Pro; OS build 19042.804; Version 2009; 64bit' Language: 'es' Physical Memory: 16225 MB
BatchMode: 1, IsHumanControllingUs: 0, StartBugReporterOnCrash: 0, Is64bit: 1, IsPro: 0

COMMAND LINE ARGUMENTS:
C:\Program Files\2020.3.18f1\Editor\Unity.exe
-adb2
-batchMode
-noUpm
-name
AssetImportWorker5
-projectPath
C:/Users/juanc/ProjectM_3/Untime-Clash-Beta/ProjectM
-logFile
Logs/AssetImportWorker5.log
-srvPort
58117
Successfully changed project path to: C:/Users/juanc/ProjectM_3/Untime-Clash-Beta/ProjectM
C:/Users/juanc/ProjectM_3/Untime-Clash-Beta/ProjectM
Using Asset Import Pipeline V2.
