Using pre-set license
Built from '2021.3/staging' branch; Version is '2021.3.2f1 (d6360bedb9a0) revision 14038539'; Using compiler version '192829333'; Build Type 'Release'
OS: 'Windows 10  (10.0.19042) 64bit Professional' Language: 'es' Physical Memory: 16225 MB
BatchMode: 1, IsHumanControllingUs: 0, StartBugReporterOnCrash: 0, Is64bit: 1, IsPro: 1

COMMAND LINE ARGUMENTS:
D:\2021.3.2f1\Editor\Unity.exe
-adb2
-batchMode
-noUpm
-name
AssetImportWorker17
-projectPath
C:/Users/juanc/ProjectM_3/Untime-Clash-Beta/ProjectM
-logFile
Logs/AssetImportWorker17.log
-srvPort
52348
Successfully changed project path to: C:/Users/juanc/ProjectM_3/Untime-Clash-Beta/ProjectM
C:/Users/juanc/ProjectM_3/Untime-Clash-Beta/ProjectM
[UnityMemory] Configuration Parameters - Can be set up in boot.config
    "memorysetup-bucket-allocator-granularity=16"
    "memorysetup-bucket-allocator-bucket-count=8"
    "memorysetup-bucket-allocator-block-size=33554432"
    "memorysetup-bucket-allocator-block-count=8"
    "memorysetup-main-allocator-block-size=16777216"
    "memorysetup-thread-allocator-block-size=16777216"
    "memorysetup-gfx-main-allocator-block-size=16777216"
    "memorysetup-gfx-thread-allocator-block-size=16777216"
    "memorysetup-cache-allocator-block-size=4194304"
    "memorysetup-typetree-allocator-block-size=2097152"
    "memorysetup-profiler-bucket-allocator-granularity=16"
    "memorysetup-profiler-bucket-allocator-bucket-count=8"
    "memorysetup-profiler-bucket-allocator-block-size=33554432"
    "memorysetup-profiler-bucket-allocator-block-count=8"
    "memorysetup-profiler-allocator-block-size=16777216"
    "memorysetup-profiler-editor-allocator-block-size=1048576"
    "memorysetup-temp-allocator-size-main=16777216"
    "memorysetup-job-temp-allocator-block-size=2097152"
    "memorysetup-job-temp-allocator-block-size-background=1048576"
    "memorysetup-job-temp-allocator-reduction-small-platforms=262144"
    "memorysetup-temp-allocator-size-background-worker=32768"
    "memorysetup-temp-allocator-size-job-worker=262144"
    "memorysetup-temp-allocator-size-preload-manager=33554432"
    "memorysetup-temp-allocator-size-nav-mesh-worker=65536"
    "memorysetup-temp-allocator-size-audio-worker=65536"
    "memorysetup-temp-allocator-size-cloud-worker=32768"
    "memorysetup-temp-allocator-size-gi-baking-worker=262144"
    "memorysetup-temp-allocator-size-gfx=262144"
Refreshing native plugins compatible for Editor in 183.42 ms, found 8 plugins.
Preloading 0 native plugins for Editor in 0.00 ms.
Initialize engine version: 2021.3.2f1 (d6360bedb9a0)
[Subsystems] Discovering subsystems at path D:/2021.3.2f1/Editor/Data/Resources/UnitySubsystems
[Subsystems] Discovering subsystems at path C:/Users/juanc/ProjectM_3/Untime-Clash-Beta/ProjectM/Assets
GfxDevice: creating device client; threaded=0; jobified=0
Direct3D:
    Version:  Direct3D 11.0 [level 11.1]
    Renderer: Radeon RX 5500 XT (ID=0x7340)
    Vendor:   ATI
    VRAM:     8151 MB
    Driver:   30.0.14029.5006
Initialize mono
Mono path[0] = 'D:/2021.3.2f1/Editor/Data/Managed'
Mono path[1] = 'D:/2021.3.2f1/Editor/Data/MonoBleedingEdge/lib/mono/unityjit-win32'
Mono config path = 'D:/2021.3.2f1/Editor/Data/MonoBleedingEdge/etc'
Using monoOptions --debugger-agent=transport=dt_socket,embedding=1,server=y,suspend=n,address=127.0.0.1:56216
Begin MonoManager ReloadAssembly
Registering precompiled unity dll's ...
Register platform support module: D:/2021.3.2f1/Editor/Data/PlaybackEngines/AndroidPlayer/UnityEditor.Android.Extensions.dll
Register platform support module: D:/2021.3.2f1/Editor/Data/PlaybackEngines/WindowsStandaloneSupport/UnityEditor.WindowsStandalone.Extensions.dll
Register platform support module: D:/2021.3.2f1/Editor/Data/PlaybackEngines/LinuxStandaloneSupport/UnityEditor.LinuxStandalone.Extensions.dll
Register platform support module: D:/2021.3.2f1/Editor/Data/PlaybackEngines/MetroSupport/UnityEditor.UWP.Extensions.dll
Registered in 0.007858 seconds.
Native extension for UWP target not found
Native extension for LinuxStandalone target not found
Native extension for WindowsStandalone target not found
Native extension for Android target not found
Refreshing native plugins compatible for Editor in 132.51 ms, found 8 plugins.
Preloading 0 native plugins for Editor in 0.00 ms.
Mono: successfully reloaded assembly
- Completed reload, in  0.917 seconds
Domain Reload Profiling:
	ReloadAssembly (917ms)
		BeginReloadAssembly (97ms)
			ExecutionOrderSort (0ms)
			DisableScriptedObjects (0ms)
			BackupInstance (0ms)
			ReleaseScriptingObjects (0ms)
			CreateAndSetChildDomain (1ms)
		EndReloadAssembly (665ms)
			LoadAssemblies (97ms)
			RebuildTransferFunctionScriptingTraits (0ms)
			SetupTypeCache (148ms)
			ReleaseScriptCaches (0ms)
			RebuildScriptCaches (35ms)
			SetupLoadedEditorAssemblies (399ms)
				LogAssemblyErrors (0ms)
				InitializePlatformSupportModulesInManaged (77ms)
				SetLoadedEditorAssemblies (0ms)
				RefreshPlugins (133ms)
				BeforeProcessingInitializeOnLoad (2ms)
				ProcessInitializeOnLoadAttributes (129ms)
				ProcessInitializeOnLoadMethodAttributes (58ms)
				AfterProcessingInitializeOnLoad (0ms)
				EditorAssembliesLoaded (0ms)
			ExecutionOrderSort2 (0ms)
			AwakeInstancesAfterBackupRestoration (0ms)
Platform modules already initialized, skipping
Registering precompiled user dll's ...
Registered in 0.043942 seconds.
Begin MonoManager ReloadAssembly
Native extension for UWP target not found
Native extension for LinuxStandalone target not found
Native extension for WindowsStandalone target not found
Native extension for Android target not found
Refreshing native plugins compatible for Editor in 136.56 ms, found 8 plugins.
Preloading 0 native plugins for Editor in 0.00 ms.
Package Manager log level set to [2]
Mono: successfully reloaded assembly
- Completed reload, in  2.168 seconds
Domain Reload Profiling:
	ReloadAssembly (2169ms)
		BeginReloadAssembly (249ms)
			ExecutionOrderSort (0ms)
			DisableScriptedObjects (8ms)
			BackupInstance (0ms)
			ReleaseScriptingObjects (0ms)
			CreateAndSetChildDomain (125ms)
		EndReloadAssembly (1774ms)
			LoadAssemblies (148ms)
			RebuildTransferFunctionScriptingTraits (0ms)
			SetupTypeCache (370ms)
			ReleaseScriptCaches (1ms)
			RebuildScriptCaches (115ms)
			SetupLoadedEditorAssemblies (1066ms)
				LogAssemblyErrors (0ms)
				InitializePlatformSupportModulesInManaged (29ms)
				SetLoadedEditorAssemblies (0ms)
				RefreshPlugins (137ms)
				BeforeProcessingInitializeOnLoad (163ms)
				ProcessInitializeOnLoadAttributes (519ms)
				ProcessInitializeOnLoadMethodAttributes (213ms)
				AfterProcessingInitializeOnLoad (5ms)
				EditorAssembliesLoaded (0ms)
			ExecutionOrderSort2 (0ms)
			AwakeInstancesAfterBackupRestoration (7ms)
Platform modules already initialized, skipping
========================================================================
Worker process is ready to serve import requests
Launched and connected shader compiler UnityShaderCompiler.exe after 0.09 seconds
Refreshing native plugins compatible for Editor in 2.55 ms, found 8 plugins.
Preloading 0 native plugins for Editor in 0.00 ms.
Unloading 5132 Unused Serialized files (Serialized files now loaded: 0)
Unloading 180 unused Assets / (36.0 KB). Loaded Objects now: 5474.
Memory consumption went from 292.3 MB to 292.3 MB.
Total: 9.124400 ms (FindLiveObjects: 0.552000 ms CreateObjectMapping: 0.416200 ms MarkObjects: 8.070700 ms  DeleteObjects: 0.084300 ms)

AssetImportParameters requested are different than current active one (requested -> active):
  custom:video-decoder-ogg-theora: a1e56fd34408186e4bbccfd4996cb3dc -> 
  custom:container-muxer-webm: aa71ff27fc2769a1b78a27578f13a17b -> 
  custom:container-demuxer-webm: 4f35f7cbe854078d1ac9338744f61a02 -> 
  custom:video-encoder-webm-vp8: eb34c28f22e8b96e1ab97ce403110664 -> 
  custom:audio-encoder-webm-vorbis: bf7c407c2cedff20999df2af8eb42d56 -> 
  custom:framework-win-MediaFoundation: 216162199b28c13a410421893ffa2e32 -> 
  custom:container-demuxer-ogg: 62fdf1f143b41e24485cea50d1cbac27 -> 
  custom:video-decoder-webm-vp8: 9c59270c3fd7afecdb556c50c9e8de78 -> 
  custom:audio-decoder-ogg-vorbis: bf7c407c2cedff20999df2af8eb42d56 -> 
========================================================================
Received Import Request.
  Time since last request: 36298.026250 seconds.
  path: Assets/Resources/DragonGigante.prefab
  artifactKey: Guid(2b8cbbb3a4c64344593feb6b76bb620f) Importer(815301076,1909f56bfc062723c751e8b465ee728b)
Start importing Assets/Resources/DragonGigante.prefab using Guid(2b8cbbb3a4c64344593feb6b76bb620f) Importer(815301076,1909f56bfc062723c751e8b465ee728b) State "LegendaryDragonFire" in Controller "LegendaryDragonFire" uses parameter "" which does not exist.
UnityEngine.StackTraceUtility:ExtractStackTrace ()
UnityEditor.EditorUtility:Internal_InstantiateRemoveAllNonAnimationComponentsSingle (UnityEngine.Object,UnityEngine.Vector3,UnityEngine.Quaternion)
UnityEditor.EditorUtility:InstantiateRemoveAllNonAnimationComponents (UnityEngine.Object,UnityEngine.Vector3,UnityEngine.Quaternion)
UnityEditor.EditorUtility:InstantiateForAnimatorPreview (UnityEngine.Object)
UnityEditor.GameObjectInspector/PreviewData:UpdateGameObject (UnityEngine.Object)
UnityEditor.GameObjectInspector/PreviewData:.ctor (UnityEngine.Object)
UnityEditor.GameObjectInspector:GetPreviewData ()
UnityEditor.GameObjectInspector:RenderStaticPreview (string,UnityEngine.Object[],int,int)
UnityEditor.AssetPreviewUpdater:CreatePreview (UnityEngine.Object,UnityEngine.Object[],string,int,int)
UnityEditor.AssetPreviewUpdater:CreatePreviewForAsset (UnityEngine.Object,UnityEngine.Object[],string)

[C:\buildslave\unity\build\Modules\Animation\AnimatorController.cpp line 916]

 -> (artifact id: '7f57e4da370e9cae93f3cf15ad29ce2a') in 29.667152 seconds 
========================================================================
Received Import Request.
  Time since last request: 0.000036 seconds.
  path: Assets/Resources/AngelShoot.prefab
  artifactKey: Guid(98423126dd839e044ba1cf3f8a76d0f3) Importer(815301076,1909f56bfc062723c751e8b465ee728b)
Start importing Assets/Resources/AngelShoot.prefab using Guid(98423126dd839e044ba1cf3f8a76d0f3) Importer(815301076,1909f56bfc062723c751e8b465ee728b)  -> (artifact id: '5c9465107ef433d62d3d9c981ebd80e1') in 13.178744 seconds 
========================================================================
Received Import Request.
  Time since last request: 0.000033 seconds.
  path: Assets/Resources/KimeraAttack.prefab
  artifactKey: Guid(ab812a6c9b9fc6e4cb836419345a54be) Importer(815301076,1909f56bfc062723c751e8b465ee728b)
Start importing Assets/Resources/KimeraAttack.prefab using Guid(ab812a6c9b9fc6e4cb836419345a54be) Importer(815301076,1909f56bfc062723c751e8b465ee728b)  -> (artifact id: '4e82852e608487ce6834e975925e9b2f') in 18.740610 seconds 
========================================================================
Received Import Request.
  Time since last request: 0.000033 seconds.
  path: Assets/Resources/Cards/Carta-TheLord.png
  artifactKey: Guid(90b7a611519e7a040bbece749848b361) Importer(815301076,1909f56bfc062723c751e8b465ee728b)
Start importing Assets/Resources/Cards/Carta-TheLord.png using Guid(90b7a611519e7a040bbece749848b361) Importer(815301076,1909f56bfc062723c751e8b465ee728b)  -> (artifact id: 'ce2e10d05c2614cf3e93319854c335fe') in 1.317541 seconds 
========================================================================
Received Import Request.
  Time since last request: 0.000034 seconds.
  path: Assets/Resources/Cards/Carta-Fireball.png
  artifactKey: Guid(64551170e38d47548a750e27d13db704) Importer(815301076,1909f56bfc062723c751e8b465ee728b)
Start importing Assets/Resources/Cards/Carta-Fireball.png using Guid(64551170e38d47548a750e27d13db704) Importer(815301076,1909f56bfc062723c751e8b465ee728b)  -> (artifact id: '975c8d0dfd94fb07488631703c29b568') in 1.004052 seconds 
========================================================================
Received Import Request.
  Time since last request: 0.000037 seconds.
  path: Assets/Resources/Cards/Carta-Ganster.png
  artifactKey: Guid(1926c1b769bb9e344bc11bab88613c04) Importer(815301076,1909f56bfc062723c751e8b465ee728b)
Start importing Assets/Resources/Cards/Carta-Ganster.png using Guid(1926c1b769bb9e344bc11bab88613c04) Importer(815301076,1909f56bfc062723c751e8b465ee728b)  -> (artifact id: 'f0d35e4613b395a40fe84769336dc03b') in 26.578094 seconds 
========================================================================
Received Import Request.
  Time since last request: 0.000053 seconds.
  path: Assets/Resources/BunnyPrefac.prefab
  artifactKey: Guid(f583c3bab96a266419e354b02d8261ce) Importer(815301076,1909f56bfc062723c751e8b465ee728b)
Start importing Assets/Resources/BunnyPrefac.prefab using Guid(f583c3bab96a266419e354b02d8261ce) Importer(815301076,1909f56bfc062723c751e8b465ee728b)  -> (artifact id: '5dbcb77b46294e8b4358cf0b52b9fa8b') in 5.101407 seconds 
========================================================================
Received Import Request.
  Time since last request: 0.000040 seconds.
  path: Assets/Resources/Cards/Carta-Mamut.png
  artifactKey: Guid(697bd5d657c0e5441bd60ce4d66e5d6f) Importer(815301076,1909f56bfc062723c751e8b465ee728b)
Start importing Assets/Resources/Cards/Carta-Mamut.png using Guid(697bd5d657c0e5441bd60ce4d66e5d6f) Importer(815301076,1909f56bfc062723c751e8b465ee728b)  -> (artifact id: '0c1cdf853d7700db8e2da3dc671f4432') in 0.628656 seconds 
========================================================================
Received Import Request.
  Time since last request: 0.000032 seconds.
  path: Assets/Resources/FutureSoldierPrefac.prefab
  artifactKey: Guid(8a0c897a0fb94bc4fa28d76170c47cc3) Importer(815301076,1909f56bfc062723c751e8b465ee728b)
Start importing Assets/Resources/FutureSoldierPrefac.prefab using Guid(8a0c897a0fb94bc4fa28d76170c47cc3) Importer(815301076,1909f56bfc062723c751e8b465ee728b)  -> (artifact id: 'a76737aa9ad19229f3f1f17478196f21') in 7.075126 seconds 
========================================================================
Received Import Request.
  Time since last request: 0.000033 seconds.
  path: Assets/Resources/AngelPrefac.prefab
  artifactKey: Guid(78ccf4df3e79d004786bd9f24813ce13) Importer(815301076,1909f56bfc062723c751e8b465ee728b)
Start importing Assets/Resources/AngelPrefac.prefab using Guid(78ccf4df3e79d004786bd9f24813ce13) Importer(815301076,1909f56bfc062723c751e8b465ee728b)  -> (artifact id: '8e91c820f8ccfde94fb57b5d71fc69b6') in 3.973132 seconds 
========================================================================
Received Import Request.
  Time since last request: 0.000033 seconds.
  path: Assets/Resources/MedusaPrefac.prefab
  artifactKey: Guid(bc3e42122b5d8d449ad36a6dcb9ce6d1) Importer(815301076,1909f56bfc062723c751e8b465ee728b)
Start importing Assets/Resources/MedusaPrefac.prefab using Guid(bc3e42122b5d8d449ad36a6dcb9ce6d1) Importer(815301076,1909f56bfc062723c751e8b465ee728b)  -> (artifact id: '3abd28a042eff6959f45aa0f7a477906') in 5.827540 seconds 
========================================================================
Received Import Request.
  Time since last request: 0.000049 seconds.
  path: Assets/Plugins/Demigiant
  artifactKey: Guid(b5c088de1a6477b44a18db0b828e11d4) Importer(815301076,1909f56bfc062723c751e8b465ee728b)
Start importing Assets/Plugins/Demigiant using Guid(b5c088de1a6477b44a18db0b828e11d4) Importer(815301076,1909f56bfc062723c751e8b465ee728b)  -> (artifact id: '9916c427c64049d4485484c7b593b10a') in 0.008201 seconds 
========================================================================
Received Import Request.
  Time since last request: 0.000033 seconds.
  path: Assets/Resources/Cards/Carta-Fairy.png
  artifactKey: Guid(66f41bdd8f65fa144bd6fd45ba3625be) Importer(815301076,1909f56bfc062723c751e8b465ee728b)
Start importing Assets/Resources/Cards/Carta-Fairy.png using Guid(66f41bdd8f65fa144bd6fd45ba3625be) Importer(815301076,1909f56bfc062723c751e8b465ee728b)  -> (artifact id: '4c674bd43af2e15bde6ccb5674b7dabc') in 0.248057 seconds 
========================================================================
Received Import Request.
  Time since last request: 0.000041 seconds.
  path: Assets/Prefabs/Campo1.prefab
  artifactKey: Guid(c636ee2db001e6b4f9059b1cbd23e908) Importer(815301076,1909f56bfc062723c751e8b465ee728b)
Start importing Assets/Prefabs/Campo1.prefab using Guid(c636ee2db001e6b4f9059b1cbd23e908) Importer(815301076,1909f56bfc062723c751e8b465ee728b) Tried select unknown importer for id '-2' '00000000000000000000000000000000'
 -> (artifact id: 'e4f6fd10bb51544dca7e47f1d049788c') in 14.984090 seconds 
========================================================================
Received Import Request.
  Time since last request: 0.000045 seconds.
  path: Assets/Prefabs/Panels/PanelEndGame.prefab
  artifactKey: Guid(8538adbf62da4aa47b5a457e1818ec29) Importer(815301076,1909f56bfc062723c751e8b465ee728b)
Start importing Assets/Prefabs/Panels/PanelEndGame.prefab using Guid(8538adbf62da4aa47b5a457e1818ec29) Importer(815301076,1909f56bfc062723c751e8b465ee728b)  -> (artifact id: 'bb467a55c395d8a76d4d38676e5077ca') in 2.069395 seconds 
========================================================================
Received Import Request.
  Time since last request: 0.000032 seconds.
  path: Assets/Resources/AxesPunch.prefab
  artifactKey: Guid(be5cd43cfd8fe22489dbf0b56b87f524) Importer(815301076,1909f56bfc062723c751e8b465ee728b)
Start importing Assets/Resources/AxesPunch.prefab using Guid(be5cd43cfd8fe22489dbf0b56b87f524) Importer(815301076,1909f56bfc062723c751e8b465ee728b)  -> (artifact id: 'f4dbefe848deacc1f6b64cbf1de67b98') in 12.127472 seconds 
========================================================================
Received Import Request.
  Time since last request: 0.000033 seconds.
  path: Assets/Lightmaps/Tutorial/Lightmap-12_comp_dir.png
  artifactKey: Guid(02e51d8eceefdb44a9f45f78455d3df8) Importer(815301076,1909f56bfc062723c751e8b465ee728b)
Start importing Assets/Lightmaps/Tutorial/Lightmap-12_comp_dir.png using Guid(02e51d8eceefdb44a9f45f78455d3df8) Importer(815301076,1909f56bfc062723c751e8b465ee728b)  -> (artifact id: '626e97454c14ad264cee9ce691c79cc1') in 3.420009 seconds 
========================================================================
Received Import Request.
  Time since last request: 0.000028 seconds.
  path: Assets/Lightmaps/Tutorial/Lightmap-11_comp_light.exr
  artifactKey: Guid(ba4ad19cdacd5c14d9ec306ad3d8057a) Importer(815301076,1909f56bfc062723c751e8b465ee728b)
Start importing Assets/Lightmaps/Tutorial/Lightmap-11_comp_light.exr using Guid(ba4ad19cdacd5c14d9ec306ad3d8057a) Importer(815301076,1909f56bfc062723c751e8b465ee728b)  -> (artifact id: '50587cc638fe54a38b59263b8fd84fff') in 0.238121 seconds 
========================================================================
Received Import Request.
  Time since last request: 0.000033 seconds.
  path: Assets/Lightmaps/World1/Lightmap-8_comp_light.exr
  artifactKey: Guid(48ddb5e375fe7b948a5142698243a614) Importer(815301076,1909f56bfc062723c751e8b465ee728b)
Start importing Assets/Lightmaps/World1/Lightmap-8_comp_light.exr using Guid(48ddb5e375fe7b948a5142698243a614) Importer(815301076,1909f56bfc062723c751e8b465ee728b)  -> (artifact id: '39120aa0ae8a98b415d01a2bab69ff69') in 0.055939 seconds 
========================================================================
Received Import Request.
  Time since last request: 0.000039 seconds.
  path: Assets/Lightmaps/Tutorial/Lightmap-10_comp_dir.png
  artifactKey: Guid(1c1c364acfd1d674f97845f0ceef6b56) Importer(815301076,1909f56bfc062723c751e8b465ee728b)
Start importing Assets/Lightmaps/Tutorial/Lightmap-10_comp_dir.png using Guid(1c1c364acfd1d674f97845f0ceef6b56) Importer(815301076,1909f56bfc062723c751e8b465ee728b)  -> (artifact id: '10ade35a137bca6c12dc20f8f5a9d7d6') in 0.557781 seconds 
========================================================================
Received Import Request.
  Time since last request: 0.000037 seconds.
  path: Assets/Lightmaps/Tutorial/Lightmap-14_comp_shadowmask.png
  artifactKey: Guid(f7af02ca41df53b49ade0d40774875f2) Importer(815301076,1909f56bfc062723c751e8b465ee728b)
Start importing Assets/Lightmaps/Tutorial/Lightmap-14_comp_shadowmask.png using Guid(f7af02ca41df53b49ade0d40774875f2) Importer(815301076,1909f56bfc062723c751e8b465ee728b)  -> (artifact id: 'e48d18f8ea312ebaf1d7cfd00470cc48') in 1.126794 seconds 
========================================================================
Received Import Request.
  Time since last request: 0.000034 seconds.
  path: Assets/Lightmaps/World1/Lightmap-13_comp_dir.png
  artifactKey: Guid(51b492dacc0590b4fbf7483062fa4920) Importer(815301076,1909f56bfc062723c751e8b465ee728b)
Start importing Assets/Lightmaps/World1/Lightmap-13_comp_dir.png using Guid(51b492dacc0590b4fbf7483062fa4920) Importer(815301076,1909f56bfc062723c751e8b465ee728b)  -> (artifact id: '391b638a4c0257f46e9862b4d537645a') in 38.869212 seconds 
========================================================================
Received Prepare
Registering precompiled user dll's ...
Registered in 0.048763 seconds.
Begin MonoManager ReloadAssembly
Native extension for UWP target not found
Native extension for LinuxStandalone target not found
Native extension for WindowsStandalone target not found
Native extension for Android target not found
Refreshing native plugins compatible for Editor in 1.91 ms, found 8 plugins.
Preloading 0 native plugins for Editor in 0.00 ms.
Unable to write to 'ProjectSettings\GvhProjectSettings.xml' (System.IO.IOException: Sharing violation on path C:\Users\juanc\ProjectM_3\Untime-Clash-Beta\ProjectM\ProjectSettings\GvhProjectSettings.xml
  at System.IO.FileStream..ctor (System.String path, System.IO.FileMode mode, System.IO.FileAccess access, System.IO.FileShare share, System.Int32 bufferSize, System.Boolean anonymous, System.IO.FileOptions options) [0x0019e] in <6073cf49ed704e958b8a66d540dea948>:0 
  at System.IO.FileStream..ctor (System.String path, System.IO.FileMode mode, System.IO.FileAccess access, System.IO.FileShare share, System.Int32 bufferSize, System.IO.FileOptions options) [0x00000] in <6073cf49ed704e958b8a66d540dea948>:0 
  at System.IO.FileStream..ctor (System.String path, System.IO.FileMode mode, System.IO.FileAccess access, System.IO.FileShare share, System.Int32 bufferSize, System.Boolean useAsync) [0x00000] in <6073cf49ed704e958b8a66d540dea948>:0 
  at (wrapper remoting-invoke-with-check) System.IO.FileStream..ctor(string,System.IO.FileMode,System.IO.FileAccess,System.IO.FileShare,int,bool)
  at System.Xml.XmlWriterSettings.CreateWriter (System.String outputFileName) [0x00051] in <938a03e8c5f34c788591fc3c21d5b34b>:0 
  at System.Xml.XmlWriter.Create (System.String outputFileName, System.Xml.XmlWriterSettings settings) [0x0000a] in <938a03e8c5f34c788591fc3c21d5b34b>:0 
  at Google.ProjectSettings.Save () [0x0009c] in <3436f8c260f84eac9340d40363cda678>:0 , Project settings were not saved!
UnityEngine.StackTraceUtility:ExtractStackTrace ()
UnityEngine.DebugLogHandler:LogFormat (UnityEngine.LogType,UnityEngine.Object,string,object[])
UnityEngine.Logger:Log (UnityEngine.LogType,object)
UnityEngine.Debug:LogError (object)
Google.Logger:Log (string,Google.LogLevel)
Google.ProjectSettings:Save ()
Google.ProjectSettings:SetBool (string,bool,Google.SettingsLocation)
Google.ProjectSettings:SetBool (string,bool)
Google.IOSResolver:set_VerboseLoggingEnabled (bool)
Google.IOSResolver:.cctor ()
System.Runtime.CompilerServices.RuntimeHelpers:RunClassConstructor (System.RuntimeTypeHandle)
UnityEditor.EditorAssemblies:ProcessInitializeOnLoadAttributes (System.Type[])

Mono: successfully reloaded assembly
- Completed reload, in  1.975 seconds
Domain Reload Profiling:
	ReloadAssembly (1976ms)
		BeginReloadAssembly (201ms)
			ExecutionOrderSort (0ms)
			DisableScriptedObjects (11ms)
			BackupInstance (0ms)
			ReleaseScriptingObjects (0ms)
			CreateAndSetChildDomain (64ms)
		EndReloadAssembly (1625ms)
			LoadAssemblies (161ms)
			RebuildTransferFunctionScriptingTraits (0ms)
			SetupTypeCache (365ms)
			ReleaseScriptCaches (2ms)
			RebuildScriptCaches (86ms)
			SetupLoadedEditorAssemblies (900ms)
				LogAssemblyErrors (0ms)
				InitializePlatformSupportModulesInManaged (32ms)
				SetLoadedEditorAssemblies (1ms)
				RefreshPlugins (2ms)
				BeforeProcessingInitializeOnLoad (143ms)
				ProcessInitializeOnLoadAttributes (498ms)
				ProcessInitializeOnLoadMethodAttributes (219ms)
				AfterProcessingInitializeOnLoad (5ms)
				EditorAssembliesLoaded (0ms)
			ExecutionOrderSort2 (0ms)
			AwakeInstancesAfterBackupRestoration (15ms)
Platform modules already initialized, skipping
Refreshing native plugins compatible for Editor in 20.56 ms, found 8 plugins.
Preloading 0 native plugins for Editor in 0.00 ms.
Unloading 4970 Unused Serialized files (Serialized files now loaded: 0)
Unloading 132 unused Assets / (29.0 KB). Loaded Objects now: 5540.
Memory consumption went from 306.5 MB to 306.5 MB.
Total: 8.427300 ms (FindLiveObjects: 0.450200 ms CreateObjectMapping: 0.250300 ms MarkObjects: 7.665000 ms  DeleteObjects: 0.060600 ms)

AssetImportParameters requested are different than current active one (requested -> active):
  custom:video-decoder-ogg-theora: a1e56fd34408186e4bbccfd4996cb3dc -> 
  custom:container-muxer-webm: aa71ff27fc2769a1b78a27578f13a17b -> 
  custom:container-demuxer-webm: 4f35f7cbe854078d1ac9338744f61a02 -> 
  custom:video-encoder-webm-vp8: eb34c28f22e8b96e1ab97ce403110664 -> 
  custom:audio-encoder-webm-vorbis: bf7c407c2cedff20999df2af8eb42d56 -> 
  custom:framework-win-MediaFoundation: 216162199b28c13a410421893ffa2e32 -> 
  custom:container-demuxer-ogg: 62fdf1f143b41e24485cea50d1cbac27 -> 
  custom:video-decoder-webm-vp8: 9c59270c3fd7afecdb556c50c9e8de78 -> 
  custom:audio-decoder-ogg-vorbis: bf7c407c2cedff20999df2af8eb42d56 -> 
Editor requested this worker to shutdown with reason: Scaling down because of idle timeout
AssetImportWorker is now disconnected from the server
Process exiting
Exiting without the bug reporter. Application will terminate with return code 0