
=== Thu Mar 31 20:19:37 2022

Packages were changed.
Update Mode: mergeDefaultDependencies

The following packages were added:
  com.unity.recorder@2.5.5
  com.unity.visualeffectgraph@10.3.2

=== Fri Apr 29 22:45:01 2022

Packages were changed.
Update Mode: updateDependencies

The following packages were updated:
  com.unity.collab-proxy from version 1.15.7 to 1.15.15
  com.unity.ide.rider from version 2.0.7 to 3.0.13
  com.unity.ide.visualstudio from version 2.0.11 to 2.0.14
  com.unity.ide.vscode from version 1.2.3 to 1.2.5
  com.unity.purchasing from version 4.1.2 to 4.1.3
  com.unity.recorder from version 2.5.5 to 3.0.3
  com.unity.render-pipelines.universal from version 10.6.0 to 12.1.6
  com.unity.test-framework from version 1.1.29 to 1.1.31
  com.unity.timeline from version 1.4.8 to 1.6.4
  com.unity.visualeffectgraph from version 10.6.0 to 12.1.6
The following packages were removed:
  com.unity.device-simulator@3.0.2-preview
  com.unity.ui.builder@1.0.0-preview.18

=== Wed May 11 18:55:18 2022

Packages were changed.
Update Mode: updateDependencies

The following packages were updated:
  com.unity.collab-proxy from version 1.15.15 to 1.15.16
